<?xml version="1.0" encoding="UTF-8"?>
<!-- Generated by org.testng.reporters.JUnitReportReporter -->
<testsuite hostname="osxjbansmbp13.corp.elmae" name="com.webapp.webtesting.AppTest" tests="1" failures="0" timestamp="25 Jun 2019 18:50:06 GMT" time="9.941" errors="0">
  <testcase name="test" time="9.941" classname="com.webapp.webtesting.AppTest"/>
</testsuite> <!-- com.webapp.webtesting.AppTest -->
