<?xml version="1.0" encoding="UTF-8"?>
<!-- Generated by org.testng.reporters.JUnitReportReporter -->
<testsuite hostname="osxjbansmbp13.corp.elmae" name="com.webapp.testcases.HomePageTest" tests="1" failures="0" timestamp="25 Jun 2019 22:34:45 GMT" time="14.887" errors="0">
  <testcase name="CurrencyConvertion" time="14.887" classname="com.webapp.testcases.HomePageTest"/>
</testsuite> <!-- com.webapp.testcases.HomePageTest -->
